{"/Users/doros/dev/Dio/task-manager-app/setupTests.ts": {"path":"/Users/doros/dev/Dio/task-manager-app/setupTests.ts","all":false,"statementMap":{"0":{"start":{"line":1,"column":0},"end":{"line":1,"column":35}}},"s":{"0":1},"branchMap":{},"b":{},"fnMap":{},"f":{}}
,"/Users/doros/dev/Dio/task-manager-app/src/App.tsx": {"path":"/Users/doros/dev/Dio/task-manager-app/src/App.tsx","all":true,"statementMap":{"0":{"start":{"line":1,"column":0},"end":{"line":1,"column":52}},"1":{"start":{"line":2,"column":0},"end":{"line":2,"column":49}},"2":{"start":{"line":3,"column":0},"end":{"line":3,"column":64}},"3":{"start":{"line":4,"column":0},"end":{"line":4,"column":54}},"4":{"start":{"line":5,"column":0},"end":{"line":5,"column":32}},"5":{"start":{"line":6,"column":0},"end":{"line":6,"column":45}},"6":{"start":{"line":7,"column":0},"end":{"line":7,"column":41}},"7":{"start":{"line":8,"column":0},"end":{"line":8,"column":37}},"9":{"start":{"line":10,"column":0},"end":{"line":10,"column":38}},"10":{"start":{"line":11,"column":0},"end":{"line":11,"column":50}},"12":{"start":{"line":13,"column":0},"end":{"line":13,"column":10}},"13":{"start":{"line":14,"column":0},"end":{"line":14,"column":61}},"14":{"start":{"line":15,"column":0},"end":{"line":15,"column":21}},"15":{"start":{"line":16,"column":0},"end":{"line":16,"column":63}},"16":{"start":{"line":17,"column":0},"end":{"line":17,"column":64}},"17":{"start":{"line":18,"column":0},"end":{"line":18,"column":16}},"18":{"start":{"line":19,"column":0},"end":{"line":19,"column":60}},"19":{"start":{"line":20,"column":0},"end":{"line":20,"column":65}},"24":{"start":{"line":25,"column":0},"end":{"line":25,"column":2}},"26":{"start":{"line":27,"column":0},"end":{"line":27,"column":19}}},"s":{"0":0,"1":0,"2":0,"3":0,"4":0,"5":0,"6":0,"7":0,"9":0,"10":0,"12":0,"13":0,"14":0,"15":0,"16":0,"17":0,"18":0,"19":0,"24":0,"26":0},"branchMap":{"0":{"type":"branch","line":1,"loc":{"start":{"line":1,"column":922},"end":{"line":27,"column":19}},"locations":[{"start":{"line":1,"column":922},"end":{"line":27,"column":19}}]}},"b":{"0":[0]},"fnMap":{"0":{"name":"(empty-report)","decl":{"start":{"line":1,"column":922},"end":{"line":27,"column":19}},"loc":{"start":{"line":1,"column":922},"end":{"line":27,"column":19}},"line":1}},"f":{"0":0}}
,"/Users/doros/dev/Dio/task-manager-app/src/main.tsx": {"path":"/Users/doros/dev/Dio/task-manager-app/src/main.tsx","all":true,"statementMap":{"0":{"start":{"line":1,"column":0},"end":{"line":1,"column":35}},"1":{"start":{"line":2,"column":0},"end":{"line":2,"column":46}},"2":{"start":{"line":3,"column":0},"end":{"line":3,"column":28}},"3":{"start":{"line":4,"column":0},"end":{"line":4,"column":21}},"4":{"start":{"line":5,"column":0},"end":{"line":5,"column":59}},"5":{"start":{"line":6,"column":0},"end":{"line":6,"column":25}},"6":{"start":{"line":7,"column":0},"end":{"line":7,"column":39}},"7":{"start":{"line":8,"column":0},"end":{"line":8,"column":28}},"9":{"start":{"line":10,"column":0},"end":{"line":10,"column":52}},"10":{"start":{"line":11,"column":0},"end":{"line":11,"column":14}},"11":{"start":{"line":12,"column":0},"end":{"line":12,"column":28}},"12":{"start":{"line":13,"column":0},"end":{"line":13,"column":14}},"13":{"start":{"line":14,"column":0},"end":{"line":14,"column":15}}},"s":{"0":0,"1":0,"2":0,"3":0,"4":0,"5":0,"6":0,"7":0,"9":0,"10":0,"11":0,"12":0,"13":0},"branchMap":{"0":{"type":"branch","line":1,"loc":{"start":{"line":1,"column":469},"end":{"line":18,"column":2}},"locations":[{"start":{"line":1,"column":469},"end":{"line":18,"column":2}}]}},"b":{"0":[0]},"fnMap":{"0":{"name":"(empty-report)","decl":{"start":{"line":1,"column":469},"end":{"line":18,"column":2}},"loc":{"start":{"line":1,"column":469},"end":{"line":18,"column":2}},"line":1}},"f":{"0":0}}
,"/Users/doros/dev/Dio/task-manager-app/src/api/get.ts": {"path":"/Users/doros/dev/Dio/task-manager-app/src/api/get.ts","all":true,"statementMap":{"0":{"start":{"line":1,"column":0},"end":{"line":1,"column":26}},"3":{"start":{"line":4,"column":0},"end":{"line":4,"column":38}},"4":{"start":{"line":5,"column":0},"end":{"line":5,"column":78}},"6":{"start":{"line":7,"column":0},"end":{"line":7,"column":59}},"7":{"start":{"line":8,"column":0},"end":{"line":8,"column":20}},"9":{"start":{"line":10,"column":0},"end":{"line":10,"column":54}},"11":{"start":{"line":12,"column":0},"end":{"line":12,"column":14}},"12":{"start":{"line":13,"column":0},"end":{"line":13,"column":2}},"14":{"start":{"line":15,"column":0},"end":{"line":15,"column":19}}},"s":{"0":0,"3":0,"4":0,"6":0,"7":0,"9":0,"11":0,"12":0,"14":0},"branchMap":{"0":{"type":"branch","line":1,"loc":{"start":{"line":1,"column":382},"end":{"line":15,"column":19}},"locations":[{"start":{"line":1,"column":382},"end":{"line":15,"column":19}}]}},"b":{"0":[0]},"fnMap":{"0":{"name":"(empty-report)","decl":{"start":{"line":1,"column":382},"end":{"line":15,"column":19}},"loc":{"start":{"line":1,"column":382},"end":{"line":15,"column":19}},"line":1}},"f":{"0":0}}
,"/Users/doros/dev/Dio/task-manager-app/src/components/Navbar/Navbar.tsx": {"path":"/Users/doros/dev/Dio/task-manager-app/src/components/Navbar/Navbar.tsx","all":false,"statementMap":{"0":{"start":{"line":1,"column":0},"end":{"line":1,"column":26}},"1":{"start":{"line":2,"column":0},"end":{"line":2,"column":89}},"2":{"start":{"line":3,"column":0},"end":{"line":3,"column":50}},"3":{"start":{"line":4,"column":0},"end":{"line":4,"column":62}},"4":{"start":{"line":5,"column":0},"end":{"line":5,"column":62}},"5":{"start":{"line":6,"column":0},"end":{"line":6,"column":56}},"6":{"start":{"line":7,"column":0},"end":{"line":7,"column":64}},"7":{"start":{"line":8,"column":0},"end":{"line":8,"column":63}},"8":{"start":{"line":9,"column":0},"end":{"line":9,"column":45}},"9":{"start":{"line":10,"column":0},"end":{"line":10,"column":53}},"10":{"start":{"line":11,"column":0},"end":{"line":11,"column":45}},"17":{"start":{"line":18,"column":0},"end":{"line":18,"column":70}},"18":{"start":{"line":19,"column":0},"end":{"line":19,"column":115}},"19":{"start":{"line":20,"column":0},"end":{"line":20,"column":25}},"21":{"start":{"line":22,"column":0},"end":{"line":22,"column":37}},"23":{"start":{"line":24,"column":0},"end":{"line":24,"column":10}},"24":{"start":{"line":25,"column":0},"end":{"line":25,"column":30}},"25":{"start":{"line":26,"column":0},"end":{"line":26,"column":56}},"26":{"start":{"line":27,"column":0},"end":{"line":27,"column":12}},"27":{"start":{"line":28,"column":0},"end":{"line":28,"column":15}},"28":{"start":{"line":29,"column":0},"end":{"line":29,"column":28}},"29":{"start":{"line":30,"column":0},"end":{"line":30,"column":33}},"30":{"start":{"line":31,"column":0},"end":{"line":31,"column":33}},"31":{"start":{"line":32,"column":0},"end":{"line":32,"column":23}},"32":{"start":{"line":33,"column":0},"end":{"line":33,"column":12}},"34":{"start":{"line":35,"column":0},"end":{"line":35,"column":30}},"35":{"start":{"line":36,"column":0},"end":{"line":36,"column":72}},"37":{"start":{"line":38,"column":0},"end":{"line":38,"column":12}},"38":{"start":{"line":39,"column":0},"end":{"line":39,"column":15}},"39":{"start":{"line":40,"column":0},"end":{"line":40,"column":28}},"40":{"start":{"line":41,"column":0},"end":{"line":41,"column":33}},"41":{"start":{"line":42,"column":0},"end":{"line":42,"column":33}},"42":{"start":{"line":43,"column":0},"end":{"line":43,"column":12}},"44":{"start":{"line":45,"column":0},"end":{"line":45,"column":43}},"45":{"start":{"line":46,"column":0},"end":{"line":46,"column":19}},"46":{"start":{"line":47,"column":0},"end":{"line":47,"column":30}},"47":{"start":{"line":48,"column":0},"end":{"line":48,"column":44}},"48":{"start":{"line":49,"column":0},"end":{"line":49,"column":33}},"49":{"start":{"line":50,"column":0},"end":{"line":50,"column":67}},"50":{"start":{"line":51,"column":0},"end":{"line":51,"column":29}},"52":{"start":{"line":53,"column":0},"end":{"line":53,"column":56}},"55":{"start":{"line":56,"column":0},"end":{"line":56,"column":21}},"56":{"start":{"line":57,"column":0},"end":{"line":57,"column":27}},"57":{"start":{"line":58,"column":0},"end":{"line":58,"column":49}},"58":{"start":{"line":59,"column":0},"end":{"line":59,"column":34}},"59":{"start":{"line":60,"column":0},"end":{"line":60,"column":104}},"61":{"start":{"line":62,"column":0},"end":{"line":62,"column":50}},"63":{"start":{"line":64,"column":0},"end":{"line":64,"column":66}},"65":{"start":{"line":66,"column":0},"end":{"line":66,"column":21}},"66":{"start":{"line":67,"column":0},"end":{"line":67,"column":27}},"67":{"start":{"line":68,"column":0},"end":{"line":68,"column":41}},"68":{"start":{"line":69,"column":0},"end":{"line":69,"column":43}},"69":{"start":{"line":70,"column":0},"end":{"line":70,"column":32}},"70":{"start":{"line":71,"column":0},"end":{"line":71,"column":32}},"71":{"start":{"line":72,"column":0},"end":{"line":72,"column":57}},"72":{"start":{"line":73,"column":0},"end":{"line":73,"column":66}},"74":{"start":{"line":75,"column":0},"end":{"line":75,"column":28}},"76":{"start":{"line":77,"column":0},"end":{"line":77,"column":15}},"77":{"start":{"line":78,"column":0},"end":{"line":78,"column":30}},"78":{"start":{"line":79,"column":0},"end":{"line":79,"column":39}},"79":{"start":{"line":80,"column":0},"end":{"line":80,"column":45}},"80":{"start":{"line":81,"column":0},"end":{"line":81,"column":29}},"81":{"start":{"line":82,"column":0},"end":{"line":82,"column":27}},"82":{"start":{"line":83,"column":0},"end":{"line":83,"column":41}},"84":{"start":{"line":85,"column":0},"end":{"line":85,"column":21}},"85":{"start":{"line":86,"column":0},"end":{"line":86,"column":39}},"86":{"start":{"line":87,"column":0},"end":{"line":87,"column":68}},"87":{"start":{"line":88,"column":0},"end":{"line":88,"column":62}},"89":{"start":{"line":90,"column":0},"end":{"line":90,"column":56}},"91":{"start":{"line":92,"column":0},"end":{"line":92,"column":21}},"92":{"start":{"line":93,"column":0},"end":{"line":93,"column":68}},"93":{"start":{"line":94,"column":0},"end":{"line":94,"column":62}},"95":{"start":{"line":96,"column":0},"end":{"line":96,"column":56}},"102":{"start":{"line":103,"column":0},"end":{"line":103,"column":2}},"104":{"start":{"line":105,"column":0},"end":{"line":105,"column":22}}},"s":{"0":1,"1":1,"2":1,"3":1,"4":1,"5":1,"6":1,"7":1,"8":1,"9":1,"10":1,"17":1,"18":3,"19":3,"21":3,"23":3,"24":3,"25":3,"26":3,"27":3,"28":3,"29":3,"30":3,"31":3,"32":3,"34":3,"35":3,"37":3,"38":3,"39":3,"40":3,"41":3,"42":3,"44":3,"45":3,"46":3,"47":3,"48":3,"49":3,"50":3,"52":3,"55":3,"56":3,"57":3,"58":3,"59":3,"61":3,"63":3,"65":3,"66":3,"67":3,"68":3,"69":3,"70":3,"71":3,"72":3,"74":3,"76":3,"77":3,"78":3,"79":3,"80":3,"81":3,"82":3,"84":3,"85":3,"86":3,"87":3,"89":3,"91":3,"92":3,"93":3,"95":3,"102":3,"104":1},"branchMap":{"0":{"type":"branch","line":18,"loc":{"start":{"line":18,"column":38},"end":{"line":103,"column":2}},"locations":[{"start":{"line":18,"column":38},"end":{"line":103,"column":2}}]},"1":{"type":"branch","line":60,"loc":{"start":{"line":60,"column":50},"end":{"line":60,"column":83}},"locations":[{"start":{"line":60,"column":50},"end":{"line":60,"column":83}}]},"2":{"type":"branch","line":64,"loc":{"start":{"line":64,"column":13},"end":{"line":64,"column":47}},"locations":[{"start":{"line":64,"column":13},"end":{"line":64,"column":47}}]},"3":{"type":"branch","line":72,"loc":{"start":{"line":72,"column":29},"end":{"line":72,"column":47}},"locations":[{"start":{"line":72,"column":29},"end":{"line":72,"column":47}}]},"4":{"type":"branch","line":72,"loc":{"start":{"line":72,"column":38},"end":{"line":72,"column":57}},"locations":[{"start":{"line":72,"column":38},"end":{"line":72,"column":57}}]},"5":{"type":"branch","line":73,"loc":{"start":{"line":73,"column":29},"end":{"line":73,"column":56}},"locations":[{"start":{"line":73,"column":29},"end":{"line":73,"column":56}}]},"6":{"type":"branch","line":73,"loc":{"start":{"line":73,"column":38},"end":{"line":73,"column":66}},"locations":[{"start":{"line":73,"column":38},"end":{"line":73,"column":66}}]},"7":{"type":"branch","line":62,"loc":{"start":{"line":62,"column":21},"end":{"line":62,"column":50}},"locations":[{"start":{"line":62,"column":21},"end":{"line":62,"column":50}}]},"8":{"type":"branch","line":87,"loc":{"start":{"line":87,"column":23},"end":{"line":87,"column":68}},"locations":[{"start":{"line":87,"column":23},"end":{"line":87,"column":68}}]}},"b":{"0":[3],"1":[0],"2":[0],"3":[1],"4":[2],"5":[1],"6":[2],"7":[1],"8":[1]},"fnMap":{"0":{"name":"Navbar","decl":{"start":{"line":18,"column":38},"end":{"line":103,"column":2}},"loc":{"start":{"line":18,"column":38},"end":{"line":103,"column":2}},"line":18},"1":{"name":"onClick","decl":{"start":{"line":62,"column":21},"end":{"line":62,"column":50}},"loc":{"start":{"line":62,"column":21},"end":{"line":62,"column":50}},"line":62},"2":{"name":"onClick","decl":{"start":{"line":87,"column":23},"end":{"line":87,"column":68}},"loc":{"start":{"line":87,"column":23},"end":{"line":87,"column":68}},"line":87},"3":{"name":"onClick","decl":{"start":{"line":93,"column":23},"end":{"line":93,"column":68}},"loc":{"start":{"line":93,"column":23},"end":{"line":93,"column":68}},"line":93}},"f":{"0":3,"1":1,"2":1,"3":0}}
,"/Users/doros/dev/Dio/task-manager-app/src/components/Navbar/index.ts": {"path":"/Users/doros/dev/Dio/task-manager-app/src/components/Navbar/index.ts","all":false,"statementMap":{"0":{"start":{"line":1,"column":0},"end":{"line":1,"column":35}}},"s":{"0":1},"branchMap":{},"b":{},"fnMap":{},"f":{}}
,"/Users/doros/dev/Dio/task-manager-app/src/components/Skeleton/SkeletonLoading.tsx": {"path":"/Users/doros/dev/Dio/task-manager-app/src/components/Skeleton/SkeletonLoading.tsx","all":false,"statementMap":{"0":{"start":{"line":1,"column":0},"end":{"line":1,"column":48}},"1":{"start":{"line":2,"column":0},"end":{"line":2,"column":36}},"2":{"start":{"line":3,"column":0},"end":{"line":3,"column":46}},"3":{"start":{"line":4,"column":0},"end":{"line":4,"column":38}},"4":{"start":{"line":5,"column":0},"end":{"line":5,"column":68}},"6":{"start":{"line":7,"column":0},"end":{"line":7,"column":44}},"7":{"start":{"line":8,"column":0},"end":{"line":8,"column":106}},"8":{"start":{"line":9,"column":0},"end":{"line":9,"column":48}},"9":{"start":{"line":10,"column":0},"end":{"line":10,"column":44}},"10":{"start":{"line":11,"column":0},"end":{"line":11,"column":67}},"11":{"start":{"line":12,"column":0},"end":{"line":12,"column":46}},"12":{"start":{"line":13,"column":0},"end":{"line":13,"column":57}},"13":{"start":{"line":14,"column":0},"end":{"line":14,"column":32}},"14":{"start":{"line":15,"column":0},"end":{"line":15,"column":36}},"15":{"start":{"line":16,"column":0},"end":{"line":16,"column":36}},"23":{"start":{"line":24,"column":0},"end":{"line":24,"column":31}}},"s":{"0":1,"1":1,"2":1,"3":1,"4":1,"6":1,"7":1,"8":1,"9":1,"10":1,"11":1,"12":1,"13":1,"14":1,"15":1,"23":1},"branchMap":{},"b":{},"fnMap":{},"f":{}}
,"/Users/doros/dev/Dio/task-manager-app/src/components/Skeleton/index.ts": {"path":"/Users/doros/dev/Dio/task-manager-app/src/components/Skeleton/index.ts","all":false,"statementMap":{"0":{"start":{"line":1,"column":0},"end":{"line":1,"column":44}}},"s":{"0":1},"branchMap":{},"b":{},"fnMap":{},"f":{}}
,"/Users/doros/dev/Dio/task-manager-app/src/hooks/useGetTasks.ts": {"path":"/Users/doros/dev/Dio/task-manager-app/src/hooks/useGetTasks.ts","all":false,"statementMap":{"0":{"start":{"line":1,"column":0},"end":{"line":1,"column":79}},"1":{"start":{"line":2,"column":0},"end":{"line":2,"column":57}},"2":{"start":{"line":3,"column":0},"end":{"line":3,"column":41}},"3":{"start":{"line":4,"column":0},"end":{"line":4,"column":42}},"6":{"start":{"line":7,"column":0},"end":{"line":7,"column":46}},"7":{"start":{"line":8,"column":0},"end":{"line":8,"column":63}},"8":{"start":{"line":9,"column":0},"end":{"line":9,"column":61}},"10":{"start":{"line":11,"column":0},"end":{"line":11,"column":19}},"11":{"start":{"line":12,"column":0},"end":{"line":12,"column":48}},"12":{"start":{"line":13,"column":0},"end":{"line":13,"column":17}},"14":{"start":{"line":15,"column":0},"end":{"line":15,"column":30}},"15":{"start":{"line":16,"column":0},"end":{"line":16,"column":9}},"16":{"start":{"line":17,"column":0},"end":{"line":17,"column":35}},"17":{"start":{"line":18,"column":0},"end":{"line":18,"column":66}},"18":{"start":{"line":19,"column":0},"end":{"line":19,"column":14}},"19":{"start":{"line":20,"column":0},"end":{"line":20,"column":15}},"22":{"start":{"line":23,"column":0},"end":{"line":23,"column":37}},"23":{"start":{"line":24,"column":0},"end":{"line":24,"column":24}},"24":{"start":{"line":25,"column":0},"end":{"line":25,"column":28}},"25":{"start":{"line":26,"column":0},"end":{"line":26,"column":25}},"26":{"start":{"line":27,"column":0},"end":{"line":27,"column":6}},"27":{"start":{"line":28,"column":0},"end":{"line":28,"column":18}},"30":{"start":{"line":31,"column":0},"end":{"line":31,"column":76}},"31":{"start":{"line":32,"column":0},"end":{"line":32,"column":30}},"32":{"start":{"line":33,"column":0},"end":{"line":33,"column":35}},"33":{"start":{"line":34,"column":0},"end":{"line":34,"column":3}},"35":{"start":{"line":36,"column":0},"end":{"line":36,"column":10}},"36":{"start":{"line":37,"column":0},"end":{"line":37,"column":16}},"37":{"start":{"line":38,"column":0},"end":{"line":38,"column":19}},"38":{"start":{"line":39,"column":0},"end":{"line":39,"column":21}},"39":{"start":{"line":40,"column":0},"end":{"line":40,"column":4}},"40":{"start":{"line":41,"column":0},"end":{"line":41,"column":2}},"42":{"start":{"line":43,"column":0},"end":{"line":43,"column":27}}},"s":{"0":1,"1":1,"2":1,"3":1,"6":1,"7":4,"8":4,"10":4,"11":3,"12":4,"14":4,"15":4,"16":3,"17":1,"18":3,"19":4,"22":4,"23":4,"24":1,"25":1,"26":1,"27":4,"30":4,"31":1,"32":1,"33":1,"35":4,"36":4,"37":4,"38":4,"39":4,"40":4,"42":1},"branchMap":{"0":{"type":"branch","line":7,"loc":{"start":{"line":7,"column":20},"end":{"line":41,"column":2}},"locations":[{"start":{"line":7,"column":20},"end":{"line":41,"column":2}}]},"1":{"type":"branch","line":11,"loc":{"start":{"line":11,"column":12},"end":{"line":13,"column":5}},"locations":[{"start":{"line":11,"column":12},"end":{"line":13,"column":5}}]},"2":{"type":"branch","line":16,"loc":{"start":{"line":16,"column":4},"end":{"line":19,"column":14}},"locations":[{"start":{"line":16,"column":4},"end":{"line":19,"column":14}}]},"3":{"type":"branch","line":17,"loc":{"start":{"line":17,"column":15},"end":{"line":19,"column":9}},"locations":[{"start":{"line":17,"column":15},"end":{"line":19,"column":9}}]},"4":{"type":"branch","line":24,"loc":{"start":{"line":24,"column":4},"end":{"line":27,"column":6}},"locations":[{"start":{"line":24,"column":4},"end":{"line":27,"column":6}}]},"5":{"type":"branch","line":31,"loc":{"start":{"line":31,"column":27},"end":{"line":34,"column":3}},"locations":[{"start":{"line":31,"column":27},"end":{"line":34,"column":3}}]}},"b":{"0":[4],"1":[3],"2":[3],"3":[1],"4":[1],"5":[1]},"fnMap":{"0":{"name":"useGetTasks","decl":{"start":{"line":7,"column":20},"end":{"line":41,"column":2}},"loc":{"start":{"line":7,"column":20},"end":{"line":41,"column":2}},"line":7},"1":{"name":"handlePageChange","decl":{"start":{"line":31,"column":27},"end":{"line":34,"column":3}},"loc":{"start":{"line":31,"column":27},"end":{"line":34,"column":3}},"line":31}},"f":{"0":4,"1":1}}
,"/Users/doros/dev/Dio/task-manager-app/src/hooks/useTranslationMenu.ts": {"path":"/Users/doros/dev/Dio/task-manager-app/src/hooks/useTranslationMenu.ts","all":false,"statementMap":{"0":{"start":{"line":1,"column":0},"end":{"line":1,"column":47}},"1":{"start":{"line":2,"column":0},"end":{"line":2,"column":45}},"4":{"start":{"line":5,"column":0},"end":{"line":5,"column":34}},"5":{"start":{"line":6,"column":0},"end":{"line":6,"column":50}},"6":{"start":{"line":7,"column":0},"end":{"line":7,"column":46}},"7":{"start":{"line":8,"column":0},"end":{"line":8,"column":65}},"9":{"start":{"line":10,"column":0},"end":{"line":10,"column":69}},"10":{"start":{"line":11,"column":0},"end":{"line":11,"column":35}},"11":{"start":{"line":12,"column":0},"end":{"line":12,"column":4}},"13":{"start":{"line":14,"column":0},"end":{"line":14,"column":37}},"14":{"start":{"line":15,"column":0},"end":{"line":15,"column":20}},"15":{"start":{"line":16,"column":0},"end":{"line":16,"column":4}},"17":{"start":{"line":18,"column":0},"end":{"line":18,"column":61}},"18":{"start":{"line":19,"column":0},"end":{"line":19,"column":68}},"19":{"start":{"line":20,"column":0},"end":{"line":20,"column":4}},"21":{"start":{"line":22,"column":0},"end":{"line":22,"column":10}},"22":{"start":{"line":23,"column":0},"end":{"line":23,"column":14}},"23":{"start":{"line":24,"column":0},"end":{"line":24,"column":21}},"24":{"start":{"line":25,"column":0},"end":{"line":25,"column":11}},"25":{"start":{"line":26,"column":0},"end":{"line":26,"column":14}},"26":{"start":{"line":27,"column":0},"end":{"line":27,"column":24}},"27":{"start":{"line":28,"column":0},"end":{"line":28,"column":26}},"28":{"start":{"line":29,"column":0},"end":{"line":29,"column":25}},"29":{"start":{"line":30,"column":0},"end":{"line":30,"column":4}},"30":{"start":{"line":31,"column":0},"end":{"line":31,"column":2}},"32":{"start":{"line":33,"column":0},"end":{"line":33,"column":34}}},"s":{"0":1,"1":1,"4":1,"5":7,"6":7,"7":7,"9":7,"10":2,"11":2,"13":7,"14":2,"15":2,"17":7,"18":1,"19":1,"21":7,"22":7,"23":7,"24":7,"25":7,"26":7,"27":7,"28":7,"29":7,"30":7,"32":1},"branchMap":{"0":{"type":"branch","line":5,"loc":{"start":{"line":5,"column":27},"end":{"line":31,"column":2}},"locations":[{"start":{"line":5,"column":27},"end":{"line":31,"column":2}}]},"1":{"type":"branch","line":10,"loc":{"start":{"line":10,"column":32},"end":{"line":12,"column":4}},"locations":[{"start":{"line":10,"column":32},"end":{"line":12,"column":4}}]},"2":{"type":"branch","line":14,"loc":{"start":{"line":14,"column":30},"end":{"line":16,"column":4}},"locations":[{"start":{"line":14,"column":30},"end":{"line":16,"column":4}}]},"3":{"type":"branch","line":18,"loc":{"start":{"line":18,"column":31},"end":{"line":20,"column":4}},"locations":[{"start":{"line":18,"column":31},"end":{"line":20,"column":4}}]},"4":{"type":"branch","line":19,"loc":{"start":{"line":19,"column":39},"end":{"line":19,"column":68}},"locations":[{"start":{"line":19,"column":39},"end":{"line":19,"column":68}}]}},"b":{"0":[7],"1":[2],"2":[2],"3":[1],"4":[1]},"fnMap":{"0":{"name":"useTranslationMenu","decl":{"start":{"line":5,"column":27},"end":{"line":31,"column":2}},"loc":{"start":{"line":5,"column":27},"end":{"line":31,"column":2}},"line":5},"1":{"name":"handleOnClickLanguage","decl":{"start":{"line":10,"column":32},"end":{"line":12,"column":4}},"loc":{"start":{"line":10,"column":32},"end":{"line":12,"column":4}},"line":10},"2":{"name":"handleLanguageClose","decl":{"start":{"line":14,"column":30},"end":{"line":16,"column":4}},"loc":{"start":{"line":14,"column":30},"end":{"line":16,"column":4}},"line":14},"3":{"name":"handleLanguageChange","decl":{"start":{"line":18,"column":31},"end":{"line":20,"column":4}},"loc":{"start":{"line":18,"column":31},"end":{"line":20,"column":4}},"line":18}},"f":{"0":7,"1":2,"2":2,"3":1}}
,"/Users/doros/dev/Dio/task-manager-app/src/store/index.ts": {"path":"/Users/doros/dev/Dio/task-manager-app/src/store/index.ts","all":true,"statementMap":{"0":{"start":{"line":1,"column":0},"end":{"line":1,"column":57}},"1":{"start":{"line":2,"column":0},"end":{"line":2,"column":40}},"3":{"start":{"line":4,"column":0},"end":{"line":4,"column":37}},"4":{"start":{"line":5,"column":0},"end":{"line":5,"column":23}},"5":{"start":{"line":6,"column":0},"end":{"line":6,"column":51}},"6":{"start":{"line":7,"column":0},"end":{"line":7,"column":3}},"8":{"start":{"line":9,"column":0},"end":{"line":9,"column":21}}},"s":{"0":0,"1":0,"3":0,"4":0,"5":0,"6":0,"8":0},"branchMap":{"0":{"type":"branch","line":1,"loc":{"start":{"line":1,"column":0},"end":{"line":9,"column":-98}},"locations":[{"start":{"line":1,"column":0},"end":{"line":9,"column":-98}}]}},"b":{"0":[0]},"fnMap":{"0":{"name":"(empty-report)","decl":{"start":{"line":1,"column":0},"end":{"line":9,"column":-98}},"loc":{"start":{"line":1,"column":0},"end":{"line":9,"column":-98}},"line":1}},"f":{"0":0}}
,"/Users/doros/dev/Dio/task-manager-app/src/store/rootReducer.ts": {"path":"/Users/doros/dev/Dio/task-manager-app/src/store/rootReducer.ts","all":true,"statementMap":{"0":{"start":{"line":1,"column":0},"end":{"line":1,"column":40}},"1":{"start":{"line":2,"column":0},"end":{"line":2,"column":46}},"3":{"start":{"line":4,"column":0},"end":{"line":4,"column":37}},"4":{"start":{"line":5,"column":0},"end":{"line":5,"column":25}},"5":{"start":{"line":6,"column":0},"end":{"line":6,"column":21}},"7":{"start":{"line":8,"column":0},"end":{"line":8,"column":5}},"9":{"start":{"line":10,"column":0},"end":{"line":10,"column":3}},"11":{"start":{"line":12,"column":0},"end":{"line":12,"column":27}}},"s":{"0":0,"1":0,"3":0,"4":0,"5":0,"7":0,"9":0,"11":0},"branchMap":{"0":{"type":"branch","line":1,"loc":{"start":{"line":1,"column":0},"end":{"line":12,"column":-121}},"locations":[{"start":{"line":1,"column":0},"end":{"line":12,"column":-121}}]}},"b":{"0":[0]},"fnMap":{"0":{"name":"(empty-report)","decl":{"start":{"line":1,"column":0},"end":{"line":12,"column":-121}},"loc":{"start":{"line":1,"column":0},"end":{"line":12,"column":-121}},"line":1}},"f":{"0":0}}
,"/Users/doros/dev/Dio/task-manager-app/src/store/types.ts": {"path":"/Users/doros/dev/Dio/task-manager-app/src/store/types.ts","all":true,"statementMap":{"6":{"start":{"line":7,"column":0},"end":{"line":7,"column":1}}},"s":{"6":0},"branchMap":{"0":{"type":"branch","line":1,"loc":{"start":{"line":1,"column":114},"end":{"line":7,"column":1}},"locations":[{"start":{"line":1,"column":114},"end":{"line":7,"column":1}}]}},"b":{"0":[1]},"fnMap":{"0":{"name":"(empty-report)","decl":{"start":{"line":1,"column":114},"end":{"line":7,"column":1}},"loc":{"start":{"line":1,"column":114},"end":{"line":7,"column":1}},"line":1}},"f":{"0":1}}
,"/Users/doros/dev/Dio/task-manager-app/src/store/data/task/selectors.ts": {"path":"/Users/doros/dev/Dio/task-manager-app/src/store/data/task/selectors.ts","all":true,"statementMap":{"3":{"start":{"line":4,"column":0},"end":{"line":4,"column":77}},"4":{"start":{"line":5,"column":0},"end":{"line":5,"column":87}},"6":{"start":{"line":7,"column":0},"end":{"line":7,"column":83}},"7":{"start":{"line":8,"column":0},"end":{"line":8,"column":83}},"9":{"start":{"line":10,"column":0},"end":{"line":10,"column":90}},"11":{"start":{"line":12,"column":0},"end":{"line":12,"column":59}},"12":{"start":{"line":13,"column":0},"end":{"line":13,"column":67}}},"s":{"3":0,"4":0,"6":0,"7":0,"9":0,"11":0,"12":0},"branchMap":{"0":{"type":"branch","line":1,"loc":{"start":{"line":1,"column":83},"end":{"line":13,"column":-155}},"locations":[{"start":{"line":1,"column":83},"end":{"line":13,"column":-155}}]}},"b":{"0":[1]},"fnMap":{"0":{"name":"(empty-report)","decl":{"start":{"line":1,"column":83},"end":{"line":13,"column":-155}},"loc":{"start":{"line":1,"column":83},"end":{"line":13,"column":-155}},"line":1}},"f":{"0":1}}
,"/Users/doros/dev/Dio/task-manager-app/src/store/data/task/taskSlice.ts": {"path":"/Users/doros/dev/Dio/task-manager-app/src/store/data/task/taskSlice.ts","all":false,"statementMap":{"0":{"start":{"line":1,"column":0},"end":{"line":1,"column":62}},"2":{"start":{"line":3,"column":0},"end":{"line":3,"column":38}},"4":{"start":{"line":5,"column":0},"end":{"line":5,"column":40}},"5":{"start":{"line":6,"column":0},"end":{"line":6,"column":9}},"6":{"start":{"line":7,"column":0},"end":{"line":7,"column":13}},"7":{"start":{"line":8,"column":0},"end":{"line":8,"column":14}},"8":{"start":{"line":9,"column":0},"end":{"line":9,"column":19}},"9":{"start":{"line":10,"column":0},"end":{"line":10,"column":18}},"10":{"start":{"line":11,"column":0},"end":{"line":11,"column":17}},"11":{"start":{"line":12,"column":0},"end":{"line":12,"column":16}},"12":{"start":{"line":13,"column":0},"end":{"line":13,"column":16}},"13":{"start":{"line":14,"column":0},"end":{"line":14,"column":16}},"14":{"start":{"line":15,"column":0},"end":{"line":15,"column":4}},"15":{"start":{"line":16,"column":0},"end":{"line":16,"column":19}},"16":{"start":{"line":17,"column":0},"end":{"line":17,"column":2}},"18":{"start":{"line":19,"column":0},"end":{"line":19,"column":31}},"19":{"start":{"line":20,"column":0},"end":{"line":20,"column":15}},"20":{"start":{"line":21,"column":0},"end":{"line":21,"column":15}},"21":{"start":{"line":22,"column":0},"end":{"line":22,"column":15}},"22":{"start":{"line":23,"column":0},"end":{"line":23,"column":29}},"23":{"start":{"line":24,"column":0},"end":{"line":24,"column":11}},"24":{"start":{"line":25,"column":0},"end":{"line":25,"column":45}},"25":{"start":{"line":26,"column":0},"end":{"line":26,"column":31}},"26":{"start":{"line":27,"column":0},"end":{"line":27,"column":8}},"27":{"start":{"line":28,"column":0},"end":{"line":28,"column":85}},"28":{"start":{"line":29,"column":0},"end":{"line":29,"column":32}},"29":{"start":{"line":30,"column":0},"end":{"line":30,"column":36}},"30":{"start":{"line":31,"column":0},"end":{"line":31,"column":8}},"31":{"start":{"line":32,"column":0},"end":{"line":32,"column":56}},"32":{"start":{"line":33,"column":0},"end":{"line":33,"column":53}},"33":{"start":{"line":34,"column":0},"end":{"line":34,"column":36}},"34":{"start":{"line":35,"column":0},"end":{"line":35,"column":32}},"35":{"start":{"line":36,"column":0},"end":{"line":36,"column":9}},"36":{"start":{"line":37,"column":0},"end":{"line":37,"column":4}},"37":{"start":{"line":38,"column":0},"end":{"line":38,"column":3}},"39":{"start":{"line":40,"column":0},"end":{"line":40,"column":33}}},"s":{"0":1,"2":1,"4":1,"5":1,"6":1,"7":1,"8":1,"9":1,"10":1,"11":1,"12":1,"13":1,"14":1,"15":1,"16":1,"18":1,"19":1,"20":1,"21":1,"22":1,"23":1,"24":1,"25":2,"26":2,"27":1,"28":1,"29":1,"30":1,"31":1,"32":1,"33":1,"34":1,"35":1,"36":1,"37":1,"39":1},"branchMap":{"0":{"type":"branch","line":23,"loc":{"start":{"line":23,"column":17},"end":{"line":37,"column":4}},"locations":[{"start":{"line":23,"column":17},"end":{"line":37,"column":4}}]},"1":{"type":"branch","line":25,"loc":{"start":{"line":25,"column":35},"end":{"line":27,"column":8}},"locations":[{"start":{"line":25,"column":35},"end":{"line":27,"column":8}}]},"2":{"type":"branch","line":28,"loc":{"start":{"line":28,"column":37},"end":{"line":31,"column":8}},"locations":[{"start":{"line":28,"column":37},"end":{"line":31,"column":8}}]},"3":{"type":"branch","line":32,"loc":{"start":{"line":32,"column":36},"end":{"line":36,"column":9}},"locations":[{"start":{"line":32,"column":36},"end":{"line":36,"column":9}}]}},"b":{"0":[1],"1":[2],"2":[1],"3":[1]},"fnMap":{"0":{"name":"extraReducers","decl":{"start":{"line":23,"column":17},"end":{"line":37,"column":4}},"loc":{"start":{"line":23,"column":17},"end":{"line":37,"column":4}},"line":23}},"f":{"0":1}}
,"/Users/doros/dev/Dio/task-manager-app/src/store/data/task/thunks.ts": {"path":"/Users/doros/dev/Dio/task-manager-app/src/store/data/task/thunks.ts","all":false,"statementMap":{"0":{"start":{"line":1,"column":0},"end":{"line":1,"column":52}},"1":{"start":{"line":2,"column":0},"end":{"line":2,"column":31}},"2":{"start":{"line":3,"column":0},"end":{"line":3,"column":63}},"4":{"start":{"line":5,"column":0},"end":{"line":5,"column":47}},"11":{"start":{"line":12,"column":0},"end":{"line":12,"column":36}},"12":{"start":{"line":13,"column":0},"end":{"line":13,"column":20}},"13":{"start":{"line":14,"column":0},"end":{"line":14,"column":69}},"14":{"start":{"line":15,"column":0},"end":{"line":15,"column":72}},"15":{"start":{"line":16,"column":0},"end":{"line":16,"column":16}},"16":{"start":{"line":17,"column":0},"end":{"line":17,"column":130}},"17":{"start":{"line":18,"column":0},"end":{"line":18,"column":99}},"18":{"start":{"line":19,"column":0},"end":{"line":19,"column":41}},"19":{"start":{"line":20,"column":0},"end":{"line":20,"column":5}},"20":{"start":{"line":21,"column":0},"end":{"line":21,"column":56}},"21":{"start":{"line":22,"column":0},"end":{"line":22,"column":9}},"22":{"start":{"line":23,"column":0},"end":{"line":23,"column":34}},"23":{"start":{"line":24,"column":0},"end":{"line":24,"column":28}},"24":{"start":{"line":25,"column":0},"end":{"line":25,"column":19}},"25":{"start":{"line":26,"column":0},"end":{"line":26,"column":34}},"26":{"start":{"line":27,"column":0},"end":{"line":27,"column":5}},"27":{"start":{"line":28,"column":0},"end":{"line":28,"column":4}}},"s":{"0":1,"1":1,"2":1,"4":1,"11":1,"12":1,"13":1,"14":2,"15":2,"16":0,"17":0,"18":0,"19":0,"20":2,"21":2,"22":2,"23":1,"24":1,"25":1,"26":1,"27":2},"branchMap":{"0":{"type":"branch","line":14,"loc":{"start":{"line":14,"column":2},"end":{"line":28,"column":4}},"locations":[{"start":{"line":14,"column":2},"end":{"line":28,"column":4}}]},"1":{"type":"branch","line":16,"loc":{"start":{"line":16,"column":15},"end":{"line":20,"column":5}},"locations":[{"start":{"line":16,"column":15},"end":{"line":20,"column":5}}]},"2":{"type":"branch","line":23,"loc":{"start":{"line":23,"column":29},"end":{"line":27,"column":5}},"locations":[{"start":{"line":23,"column":29},"end":{"line":27,"column":5}}]}},"b":{"0":[2],"1":[0],"2":[1]},"fnMap":{},"f":{}}
,"/Users/doros/dev/Dio/task-manager-app/src/store/data/task/types.ts": {"path":"/Users/doros/dev/Dio/task-manager-app/src/store/data/task/types.ts","all":true,"statementMap":{"42":{"start":{"line":43,"column":0},"end":{"line":43,"column":1}}},"s":{"42":0},"branchMap":{"0":{"type":"branch","line":1,"loc":{"start":{"line":1,"column":752},"end":{"line":43,"column":1}},"locations":[{"start":{"line":1,"column":752},"end":{"line":43,"column":1}}]}},"b":{"0":[1]},"fnMap":{"0":{"name":"(empty-report)","decl":{"start":{"line":1,"column":752},"end":{"line":43,"column":1}},"loc":{"start":{"line":1,"column":752},"end":{"line":43,"column":1}},"line":1}},"f":{"0":1}}
,"/Users/doros/dev/Dio/task-manager-app/src/store/data/task/utils/mapTasks.ts": {"path":"/Users/doros/dev/Dio/task-manager-app/src/store/data/task/utils/mapTasks.ts","all":false,"statementMap":{"0":{"start":{"line":1,"column":0},"end":{"line":1,"column":95}},"1":{"start":{"line":2,"column":0},"end":{"line":2,"column":26}},"3":{"start":{"line":4,"column":0},"end":{"line":4,"column":58}},"4":{"start":{"line":5,"column":0},"end":{"line":5,"column":18}},"5":{"start":{"line":6,"column":0},"end":{"line":6,"column":12}},"6":{"start":{"line":7,"column":0},"end":{"line":7,"column":11}},"7":{"start":{"line":8,"column":0},"end":{"line":8,"column":58}},"8":{"start":{"line":9,"column":0},"end":{"line":9,"column":63}},"9":{"start":{"line":10,"column":0},"end":{"line":10,"column":6}},"10":{"start":{"line":11,"column":0},"end":{"line":11,"column":5}},"12":{"start":{"line":13,"column":0},"end":{"line":13,"column":63}},"13":{"start":{"line":14,"column":0},"end":{"line":14,"column":31}},"14":{"start":{"line":15,"column":0},"end":{"line":15,"column":20}},"15":{"start":{"line":16,"column":0},"end":{"line":16,"column":25}},"16":{"start":{"line":17,"column":0},"end":{"line":17,"column":54}},"17":{"start":{"line":18,"column":0},"end":{"line":18,"column":24}},"18":{"start":{"line":19,"column":0},"end":{"line":19,"column":22}},"19":{"start":{"line":20,"column":0},"end":{"line":20,"column":22}},"20":{"start":{"line":21,"column":0},"end":{"line":21,"column":22}},"21":{"start":{"line":22,"column":0},"end":{"line":22,"column":3}}},"s":{"0":1,"1":1,"3":1,"4":1,"5":1,"6":1,"7":1,"8":1,"9":1,"10":1,"12":1,"13":1,"14":1,"15":1,"16":1,"17":1,"18":1,"19":1,"20":1,"21":1},"branchMap":{"0":{"type":"branch","line":4,"loc":{"start":{"line":4,"column":20},"end":{"line":11,"column":5}},"locations":[{"start":{"line":4,"column":20},"end":{"line":11,"column":5}}]},"1":{"type":"branch","line":5,"loc":{"start":{"line":5,"column":12},"end":{"line":11,"column":5}},"locations":[{"start":{"line":5,"column":12},"end":{"line":11,"column":5}}]},"2":{"type":"branch","line":13,"loc":{"start":{"line":13,"column":24},"end":{"line":22,"column":3}},"locations":[{"start":{"line":13,"column":24},"end":{"line":22,"column":3}}]},"3":{"type":"branch","line":17,"loc":{"start":{"line":17,"column":24},"end":{"line":17,"column":43}},"locations":[{"start":{"line":17,"column":24},"end":{"line":17,"column":43}}]}},"b":{"0":[1],"1":[1],"2":[1],"3":[0]},"fnMap":{"0":{"name":"mapRawTasks","decl":{"start":{"line":4,"column":20},"end":{"line":11,"column":5}},"loc":{"start":{"line":4,"column":20},"end":{"line":11,"column":5}},"line":4},"1":{"name":"mapTasks","decl":{"start":{"line":13,"column":24},"end":{"line":22,"column":3}},"loc":{"start":{"line":13,"column":24},"end":{"line":22,"column":3}},"line":13}},"f":{"0":1,"1":1}}
,"/Users/doros/dev/Dio/task-manager-app/src/types/Language.ts": {"path":"/Users/doros/dev/Dio/task-manager-app/src/types/Language.ts","all":false,"statementMap":{"0":{"start":{"line":1,"column":0},"end":{"line":1,"column":27}},"5":{"start":{"line":6,"column":0},"end":{"line":6,"column":29}}},"s":{"0":1,"5":1},"branchMap":{"0":{"type":"branch","line":1,"loc":{"start":{"line":1,"column":12},"end":{"line":1,"column":27}},"locations":[{"start":{"line":1,"column":12},"end":{"line":1,"column":27}}]}},"b":{"0":[2]},"fnMap":{},"f":{}}
,"/Users/doros/dev/Dio/task-manager-app/src/types/RouterUrl.ts": {"path":"/Users/doros/dev/Dio/task-manager-app/src/types/RouterUrl.ts","all":false,"statementMap":{"0":{"start":{"line":1,"column":0},"end":{"line":1,"column":16}},"5":{"start":{"line":6,"column":0},"end":{"line":6,"column":25}}},"s":{"0":1,"5":1},"branchMap":{"0":{"type":"branch","line":1,"loc":{"start":{"line":1,"column":5},"end":{"line":1,"column":16}},"locations":[{"start":{"line":1,"column":5},"end":{"line":1,"column":16}}]}},"b":{"0":[2]},"fnMap":{},"f":{}}
,"/Users/doros/dev/Dio/task-manager-app/src/utils/i18n.ts": {"path":"/Users/doros/dev/Dio/task-manager-app/src/utils/i18n.ts","all":true,"statementMap":{"0":{"start":{"line":1,"column":0},"end":{"line":1,"column":27}},"1":{"start":{"line":2,"column":0},"end":{"line":2,"column":49}},"2":{"start":{"line":3,"column":0},"end":{"line":3,"column":40}},"3":{"start":{"line":4,"column":0},"end":{"line":4,"column":40}},"5":{"start":{"line":6,"column":0},"end":{"line":6,"column":33}},"6":{"start":{"line":7,"column":0},"end":{"line":7,"column":14}},"7":{"start":{"line":8,"column":0},"end":{"line":8,"column":20}},"8":{"start":{"line":9,"column":0},"end":{"line":9,"column":20}},"9":{"start":{"line":10,"column":0},"end":{"line":10,"column":4}},"10":{"start":{"line":11,"column":0},"end":{"line":11,"column":32}},"11":{"start":{"line":12,"column":0},"end":{"line":12,"column":18}},"12":{"start":{"line":13,"column":0},"end":{"line":13,"column":23}},"13":{"start":{"line":14,"column":0},"end":{"line":14,"column":4}},"14":{"start":{"line":15,"column":0},"end":{"line":15,"column":3}},"16":{"start":{"line":17,"column":0},"end":{"line":17,"column":20}}},"s":{"0":0,"1":0,"2":0,"3":0,"5":0,"6":0,"7":0,"8":0,"9":0,"10":0,"11":0,"12":0,"13":0,"14":0,"16":0},"branchMap":{"0":{"type":"branch","line":1,"loc":{"start":{"line":1,"column":363},"end":{"line":17,"column":20}},"locations":[{"start":{"line":1,"column":363},"end":{"line":17,"column":20}}]}},"b":{"0":[0]},"fnMap":{"0":{"name":"(empty-report)","decl":{"start":{"line":1,"column":363},"end":{"line":17,"column":20}},"loc":{"start":{"line":1,"column":363},"end":{"line":17,"column":20}},"line":1}},"f":{"0":0}}
,"/Users/doros/dev/Dio/task-manager-app/src/utils/theme.ts": {"path":"/Users/doros/dev/Dio/task-manager-app/src/utils/theme.ts","all":true,"statementMap":{"0":{"start":{"line":1,"column":0},"end":{"line":1,"column":51}},"2":{"start":{"line":3,"column":0},"end":{"line":3,"column":39}},"3":{"start":{"line":4,"column":0},"end":{"line":4,"column":12}},"4":{"start":{"line":5,"column":0},"end":{"line":5,"column":18}},"5":{"start":{"line":6,"column":0},"end":{"line":6,"column":14}},"6":{"start":{"line":7,"column":0},"end":{"line":7,"column":22}},"7":{"start":{"line":8,"column":0},"end":{"line":8,"column":6}},"8":{"start":{"line":9,"column":0},"end":{"line":9,"column":17}},"9":{"start":{"line":10,"column":0},"end":{"line":10,"column":25}},"10":{"start":{"line":11,"column":0},"end":{"line":11,"column":23}},"11":{"start":{"line":12,"column":0},"end":{"line":12,"column":6}},"12":{"start":{"line":13,"column":0},"end":{"line":13,"column":25}},"13":{"start":{"line":14,"column":0},"end":{"line":14,"column":4}},"14":{"start":{"line":15,"column":0},"end":{"line":15,"column":3}},"16":{"start":{"line":17,"column":0},"end":{"line":17,"column":38}},"17":{"start":{"line":18,"column":0},"end":{"line":18,"column":12}},"18":{"start":{"line":19,"column":0},"end":{"line":19,"column":17}},"19":{"start":{"line":20,"column":0},"end":{"line":20,"column":14}},"20":{"start":{"line":21,"column":0},"end":{"line":21,"column":22}},"21":{"start":{"line":22,"column":0},"end":{"line":22,"column":6}},"22":{"start":{"line":23,"column":0},"end":{"line":23,"column":17}},"23":{"start":{"line":24,"column":0},"end":{"line":24,"column":25}},"24":{"start":{"line":25,"column":0},"end":{"line":25,"column":23}},"25":{"start":{"line":26,"column":0},"end":{"line":26,"column":6}},"26":{"start":{"line":27,"column":0},"end":{"line":27,"column":20}},"27":{"start":{"line":28,"column":0},"end":{"line":28,"column":4}},"28":{"start":{"line":29,"column":0},"end":{"line":29,"column":3}}},"s":{"0":0,"2":0,"3":0,"4":0,"5":0,"6":0,"7":0,"8":0,"9":0,"10":0,"11":0,"12":0,"13":0,"14":0,"16":0,"17":0,"18":0,"19":0,"20":0,"21":0,"22":0,"23":0,"24":0,"25":0,"26":0,"27":0,"28":0},"branchMap":{"0":{"type":"branch","line":1,"loc":{"start":{"line":1,"column":500},"end":{"line":29,"column":3}},"locations":[{"start":{"line":1,"column":500},"end":{"line":29,"column":3}}]}},"b":{"0":[0]},"fnMap":{"0":{"name":"(empty-report)","decl":{"start":{"line":1,"column":500},"end":{"line":29,"column":3}},"loc":{"start":{"line":1,"column":500},"end":{"line":29,"column":3}},"line":1}},"f":{"0":0}}
,"/Users/doros/dev/Dio/task-manager-app/src/views/Home/Home.tsx": {"path":"/Users/doros/dev/Dio/task-manager-app/src/views/Home/Home.tsx","all":false,"statementMap":{"0":{"start":{"line":1,"column":0},"end":{"line":1,"column":42}},"1":{"start":{"line":2,"column":0},"end":{"line":2,"column":56}},"2":{"start":{"line":3,"column":0},"end":{"line":3,"column":40}},"3":{"start":{"line":4,"column":0},"end":{"line":4,"column":45}},"4":{"start":{"line":5,"column":0},"end":{"line":5,"column":56}},"5":{"start":{"line":6,"column":0},"end":{"line":6,"column":66}},"6":{"start":{"line":7,"column":0},"end":{"line":7,"column":47}},"8":{"start":{"line":9,"column":0},"end":{"line":9,"column":39}},"9":{"start":{"line":10,"column":0},"end":{"line":10,"column":44}},"11":{"start":{"line":12,"column":0},"end":{"line":12,"column":10}},"12":{"start":{"line":13,"column":0},"end":{"line":13,"column":8}},"13":{"start":{"line":14,"column":0},"end":{"line":14,"column":20}},"14":{"start":{"line":15,"column":0},"end":{"line":15,"column":28}},"15":{"start":{"line":16,"column":0},"end":{"line":16,"column":29}},"16":{"start":{"line":17,"column":0},"end":{"line":17,"column":25}},"17":{"start":{"line":18,"column":0},"end":{"line":18,"column":20}},"18":{"start":{"line":19,"column":0},"end":{"line":19,"column":24}},"19":{"start":{"line":20,"column":0},"end":{"line":20,"column":16}},"20":{"start":{"line":21,"column":0},"end":{"line":21,"column":20}},"22":{"start":{"line":23,"column":0},"end":{"line":23,"column":10}},"23":{"start":{"line":24,"column":0},"end":{"line":24,"column":13}},"24":{"start":{"line":25,"column":0},"end":{"line":25,"column":54}},"25":{"start":{"line":26,"column":0},"end":{"line":26,"column":26}},"26":{"start":{"line":27,"column":0},"end":{"line":27,"column":22}},"27":{"start":{"line":28,"column":0},"end":{"line":28,"column":31}},"28":{"start":{"line":29,"column":0},"end":{"line":29,"column":10}},"30":{"start":{"line":31,"column":0},"end":{"line":31,"column":53}},"31":{"start":{"line":32,"column":0},"end":{"line":32,"column":53}},"33":{"start":{"line":34,"column":0},"end":{"line":34,"column":55}},"35":{"start":{"line":36,"column":0},"end":{"line":36,"column":13}},"36":{"start":{"line":37,"column":0},"end":{"line":37,"column":24}},"37":{"start":{"line":38,"column":0},"end":{"line":38,"column":28}},"38":{"start":{"line":39,"column":0},"end":{"line":39,"column":27}},"39":{"start":{"line":40,"column":0},"end":{"line":40,"column":23}},"40":{"start":{"line":41,"column":0},"end":{"line":41,"column":20}},"41":{"start":{"line":42,"column":0},"end":{"line":42,"column":44}},"42":{"start":{"line":43,"column":0},"end":{"line":43,"column":66}},"43":{"start":{"line":44,"column":0},"end":{"line":44,"column":13}},"44":{"start":{"line":45,"column":0},"end":{"line":45,"column":46}},"45":{"start":{"line":46,"column":0},"end":{"line":46,"column":34}},"46":{"start":{"line":47,"column":0},"end":{"line":47,"column":10}},"48":{"start":{"line":49,"column":0},"end":{"line":49,"column":55}},"52":{"start":{"line":53,"column":0},"end":{"line":53,"column":2}},"54":{"start":{"line":55,"column":0},"end":{"line":55,"column":20}}},"s":{"0":1,"1":1,"2":1,"3":1,"4":1,"5":1,"6":1,"8":1,"9":3,"11":3,"12":3,"13":3,"14":3,"15":3,"16":3,"17":3,"18":3,"19":3,"20":3,"22":3,"23":3,"24":3,"25":3,"26":3,"27":3,"28":3,"30":3,"31":3,"33":3,"35":3,"36":3,"37":3,"38":3,"39":3,"40":3,"41":3,"42":3,"43":3,"44":3,"45":3,"46":3,"48":3,"52":3,"54":1},"branchMap":{"0":{"type":"branch","line":9,"loc":{"start":{"line":9,"column":32},"end":{"line":53,"column":2}},"locations":[{"start":{"line":9,"column":32},"end":{"line":53,"column":2}}]}},"b":{"0":[3]},"fnMap":{"0":{"name":"Home","decl":{"start":{"line":9,"column":32},"end":{"line":53,"column":2}},"loc":{"start":{"line":9,"column":32},"end":{"line":53,"column":2}},"line":9}},"f":{"0":3}}
,"/Users/doros/dev/Dio/task-manager-app/src/views/Home/index.ts": {"path":"/Users/doros/dev/Dio/task-manager-app/src/views/Home/index.ts","all":true,"statementMap":{"0":{"start":{"line":1,"column":0},"end":{"line":1,"column":33}}},"s":{"0":0},"branchMap":{"0":{"type":"branch","line":1,"loc":{"start":{"line":1,"column":0},"end":{"line":1,"column":33}},"locations":[{"start":{"line":1,"column":0},"end":{"line":1,"column":33}}]}},"b":{"0":[0]},"fnMap":{"0":{"name":"(empty-report)","decl":{"start":{"line":1,"column":0},"end":{"line":1,"column":33}},"loc":{"start":{"line":1,"column":0},"end":{"line":1,"column":33}},"line":1}},"f":{"0":0}}
,"/Users/doros/dev/Dio/task-manager-app/src/views/Home/styles/animations.ts": {"path":"/Users/doros/dev/Dio/task-manager-app/src/views/Home/styles/animations.ts","all":false,"statementMap":{"0":{"start":{"line":1,"column":0},"end":{"line":1,"column":43}},"2":{"start":{"line":3,"column":0},"end":{"line":3,"column":24}},"12":{"start":{"line":13,"column":0},"end":{"line":13,"column":2}},"14":{"start":{"line":15,"column":0},"end":{"line":15,"column":29}},"23":{"start":{"line":24,"column":0},"end":{"line":24,"column":2}}},"s":{"0":1,"2":1,"12":1,"14":1,"23":1},"branchMap":{},"b":{},"fnMap":{},"f":{}}
,"/Users/doros/dev/Dio/task-manager-app/src/views/Tasks/TaskView.tsx": {"path":"/Users/doros/dev/Dio/task-manager-app/src/views/Tasks/TaskView.tsx","all":false,"statementMap":{"0":{"start":{"line":1,"column":0},"end":{"line":1,"column":42}},"1":{"start":{"line":2,"column":0},"end":{"line":2,"column":52}},"2":{"start":{"line":3,"column":0},"end":{"line":3,"column":42}},"9":{"start":{"line":10,"column":0},"end":{"line":10,"column":40}},"10":{"start":{"line":11,"column":0},"end":{"line":11,"column":45}},"11":{"start":{"line":12,"column":0},"end":{"line":12,"column":49}},"12":{"start":{"line":13,"column":0},"end":{"line":13,"column":57}},"13":{"start":{"line":14,"column":0},"end":{"line":14,"column":49}},"14":{"start":{"line":15,"column":0},"end":{"line":15,"column":52}},"16":{"start":{"line":17,"column":0},"end":{"line":17,"column":43}},"17":{"start":{"line":18,"column":0},"end":{"line":18,"column":38}},"18":{"start":{"line":19,"column":0},"end":{"line":19,"column":38}},"19":{"start":{"line":20,"column":0},"end":{"line":20,"column":50}},"20":{"start":{"line":21,"column":0},"end":{"line":21,"column":56}},"21":{"start":{"line":22,"column":0},"end":{"line":22,"column":56}},"23":{"start":{"line":24,"column":0},"end":{"line":24,"column":85}},"25":{"start":{"line":26,"column":0},"end":{"line":26,"column":10}},"26":{"start":{"line":27,"column":0},"end":{"line":27,"column":6}},"27":{"start":{"line":28,"column":0},"end":{"line":28,"column":78}},"28":{"start":{"line":29,"column":0},"end":{"line":29,"column":17}},"29":{"start":{"line":30,"column":0},"end":{"line":30,"column":73}},"30":{"start":{"line":31,"column":0},"end":{"line":31,"column":46}},"31":{"start":{"line":32,"column":0},"end":{"line":32,"column":19}},"32":{"start":{"line":33,"column":0},"end":{"line":33,"column":35}},"33":{"start":{"line":34,"column":0},"end":{"line":34,"column":23}},"34":{"start":{"line":35,"column":0},"end":{"line":35,"column":28}},"35":{"start":{"line":36,"column":0},"end":{"line":36,"column":37}},"36":{"start":{"line":37,"column":0},"end":{"line":37,"column":31}},"41":{"start":{"line":42,"column":0},"end":{"line":42,"column":2}},"43":{"start":{"line":44,"column":0},"end":{"line":44,"column":24}}},"s":{"0":1,"1":1,"2":1,"9":1,"10":1,"11":1,"12":1,"13":1,"14":1,"16":1,"17":3,"18":3,"19":3,"20":3,"21":3,"23":3,"25":3,"26":3,"27":3,"28":3,"29":3,"30":3,"31":3,"32":3,"33":3,"34":3,"35":3,"36":3,"41":3,"43":1},"branchMap":{"0":{"type":"branch","line":17,"loc":{"start":{"line":17,"column":36},"end":{"line":42,"column":2}},"locations":[{"start":{"line":17,"column":36},"end":{"line":42,"column":2}}]},"1":{"type":"branch","line":30,"loc":{"start":{"line":30,"column":7},"end":{"line":30,"column":47}},"locations":[{"start":{"line":30,"column":7},"end":{"line":30,"column":47}}]},"2":{"type":"branch","line":31,"loc":{"start":{"line":31,"column":7},"end":{"line":31,"column":46}},"locations":[{"start":{"line":31,"column":7},"end":{"line":31,"column":46}}]}},"b":{"0":[3],"1":[1],"2":[1]},"fnMap":{"0":{"name":"TaskView","decl":{"start":{"line":17,"column":36},"end":{"line":42,"column":2}},"loc":{"start":{"line":17,"column":36},"end":{"line":42,"column":2}},"line":17}},"f":{"0":3}}
,"/Users/doros/dev/Dio/task-manager-app/src/views/Tasks/index.ts": {"path":"/Users/doros/dev/Dio/task-manager-app/src/views/Tasks/index.ts","all":true,"statementMap":{"0":{"start":{"line":1,"column":0},"end":{"line":1,"column":37}}},"s":{"0":0},"branchMap":{"0":{"type":"branch","line":1,"loc":{"start":{"line":1,"column":0},"end":{"line":1,"column":37}},"locations":[{"start":{"line":1,"column":0},"end":{"line":1,"column":37}}]}},"b":{"0":[0]},"fnMap":{"0":{"name":"(empty-report)","decl":{"start":{"line":1,"column":0},"end":{"line":1,"column":37}},"loc":{"start":{"line":1,"column":0},"end":{"line":1,"column":37}},"line":1}},"f":{"0":0}}
,"/Users/doros/dev/Dio/task-manager-app/src/views/Tasks/components/TaskHeader/TaskHeader.tsx": {"path":"/Users/doros/dev/Dio/task-manager-app/src/views/Tasks/components/TaskHeader/TaskHeader.tsx","all":false,"statementMap":{"0":{"start":{"line":1,"column":0},"end":{"line":1,"column":68}},"1":{"start":{"line":2,"column":0},"end":{"line":2,"column":74}},"2":{"start":{"line":3,"column":0},"end":{"line":3,"column":47}},"9":{"start":{"line":10,"column":0},"end":{"line":10,"column":93}},"10":{"start":{"line":11,"column":0},"end":{"line":11,"column":44}},"11":{"start":{"line":12,"column":0},"end":{"line":12,"column":54}},"12":{"start":{"line":13,"column":0},"end":{"line":13,"column":10}},"13":{"start":{"line":14,"column":0},"end":{"line":14,"column":8}},"14":{"start":{"line":15,"column":0},"end":{"line":15,"column":11}},"15":{"start":{"line":16,"column":0},"end":{"line":16,"column":24}},"16":{"start":{"line":17,"column":0},"end":{"line":17,"column":40}},"17":{"start":{"line":18,"column":0},"end":{"line":18,"column":29}},"18":{"start":{"line":19,"column":0},"end":{"line":19,"column":19}},"19":{"start":{"line":20,"column":0},"end":{"line":20,"column":20}},"20":{"start":{"line":21,"column":0},"end":{"line":21,"column":8}},"22":{"start":{"line":23,"column":0},"end":{"line":23,"column":17}},"23":{"start":{"line":24,"column":0},"end":{"line":24,"column":20}},"24":{"start":{"line":25,"column":0},"end":{"line":25,"column":59}},"25":{"start":{"line":26,"column":0},"end":{"line":26,"column":33}},"26":{"start":{"line":27,"column":0},"end":{"line":27,"column":13}},"27":{"start":{"line":28,"column":0},"end":{"line":28,"column":30}},"28":{"start":{"line":29,"column":0},"end":{"line":29,"column":31}},"29":{"start":{"line":30,"column":0},"end":{"line":30,"column":29}},"30":{"start":{"line":31,"column":0},"end":{"line":31,"column":35}},"31":{"start":{"line":32,"column":0},"end":{"line":32,"column":10}},"33":{"start":{"line":34,"column":0},"end":{"line":34,"column":53}},"35":{"start":{"line":36,"column":0},"end":{"line":36,"column":16}},"36":{"start":{"line":37,"column":0},"end":{"line":37,"column":34}},"37":{"start":{"line":38,"column":0},"end":{"line":38,"column":71}},"38":{"start":{"line":39,"column":0},"end":{"line":39,"column":69}},"39":{"start":{"line":40,"column":0},"end":{"line":40,"column":26}},"40":{"start":{"line":41,"column":0},"end":{"line":41,"column":75}},"41":{"start":{"line":42,"column":0},"end":{"line":42,"column":27}},"42":{"start":{"line":43,"column":0},"end":{"line":43,"column":58}},"46":{"start":{"line":47,"column":0},"end":{"line":47,"column":2}},"48":{"start":{"line":49,"column":0},"end":{"line":49,"column":32}}},"s":{"0":1,"1":1,"2":1,"9":1,"10":6,"11":6,"12":6,"13":6,"14":6,"15":6,"16":6,"17":6,"18":6,"19":6,"20":6,"22":6,"23":6,"24":6,"25":6,"26":6,"27":6,"28":6,"29":6,"30":6,"31":6,"33":6,"35":6,"36":6,"37":6,"38":6,"39":6,"40":6,"41":6,"42":6,"46":6,"48":1},"branchMap":{"0":{"type":"branch","line":10,"loc":{"start":{"line":10,"column":55},"end":{"line":47,"column":2}},"locations":[{"start":{"line":10,"column":55},"end":{"line":47,"column":2}}]},"1":{"type":"branch","line":38,"loc":{"start":{"line":38,"column":18},"end":{"line":38,"column":47}},"locations":[{"start":{"line":38,"column":18},"end":{"line":38,"column":47}}]},"2":{"type":"branch","line":38,"loc":{"start":{"line":38,"column":43},"end":{"line":38,"column":67}},"locations":[{"start":{"line":38,"column":43},"end":{"line":38,"column":67}}]},"3":{"type":"branch","line":43,"loc":{"start":{"line":43,"column":18},"end":{"line":43,"column":58}},"locations":[{"start":{"line":43,"column":18},"end":{"line":43,"column":58}}]}},"b":{"0":[6],"1":[3],"2":[3],"3":[1]},"fnMap":{"0":{"name":"TaskHeader","decl":{"start":{"line":10,"column":55},"end":{"line":47,"column":2}},"loc":{"start":{"line":10,"column":55},"end":{"line":47,"column":2}},"line":10},"1":{"name":"onChange","decl":{"start":{"line":43,"column":18},"end":{"line":43,"column":58}},"loc":{"start":{"line":43,"column":18},"end":{"line":43,"column":58}},"line":43}},"f":{"0":6,"1":1}}
,"/Users/doros/dev/Dio/task-manager-app/src/views/Tasks/components/TaskHeader/index.ts": {"path":"/Users/doros/dev/Dio/task-manager-app/src/views/Tasks/components/TaskHeader/index.ts","all":false,"statementMap":{"0":{"start":{"line":1,"column":0},"end":{"line":1,"column":39}}},"s":{"0":1},"branchMap":{},"b":{},"fnMap":{},"f":{}}
,"/Users/doros/dev/Dio/task-manager-app/src/views/Tasks/components/TaskItem/TaskItem.tsx": {"path":"/Users/doros/dev/Dio/task-manager-app/src/views/Tasks/components/TaskItem/TaskItem.tsx","all":false,"statementMap":{"0":{"start":{"line":1,"column":0},"end":{"line":1,"column":42}},"1":{"start":{"line":2,"column":0},"end":{"line":2,"column":56}},"3":{"start":{"line":4,"column":0},"end":{"line":4,"column":85}},"9":{"start":{"line":10,"column":0},"end":{"line":10,"column":66}},"10":{"start":{"line":11,"column":0},"end":{"line":11,"column":84}},"11":{"start":{"line":12,"column":0},"end":{"line":12,"column":9}},"12":{"start":{"line":13,"column":0},"end":{"line":13,"column":18}},"13":{"start":{"line":14,"column":0},"end":{"line":14,"column":11}},"14":{"start":{"line":15,"column":0},"end":{"line":15,"column":24}},"15":{"start":{"line":16,"column":0},"end":{"line":16,"column":32}},"16":{"start":{"line":17,"column":0},"end":{"line":17,"column":40}},"17":{"start":{"line":18,"column":0},"end":{"line":18,"column":8}},"19":{"start":{"line":20,"column":0},"end":{"line":20,"column":18}},"20":{"start":{"line":21,"column":0},"end":{"line":21,"column":13}},"21":{"start":{"line":22,"column":0},"end":{"line":22,"column":26}},"22":{"start":{"line":23,"column":0},"end":{"line":23,"column":34}},"23":{"start":{"line":24,"column":0},"end":{"line":24,"column":22}},"24":{"start":{"line":25,"column":0},"end":{"line":25,"column":10}},"26":{"start":{"line":27,"column":0},"end":{"line":27,"column":32}},"32":{"start":{"line":33,"column":0},"end":{"line":33,"column":24}}},"s":{"0":1,"1":1,"3":1,"9":1,"10":1,"11":1,"12":1,"13":1,"14":1,"15":1,"16":1,"17":1,"19":1,"20":1,"21":1,"22":1,"23":1,"24":1,"26":1,"32":1},"branchMap":{},"b":{},"fnMap":{},"f":{}}
,"/Users/doros/dev/Dio/task-manager-app/src/views/Tasks/components/TaskItem/index.ts": {"path":"/Users/doros/dev/Dio/task-manager-app/src/views/Tasks/components/TaskItem/index.ts","all":false,"statementMap":{"0":{"start":{"line":1,"column":0},"end":{"line":1,"column":37}}},"s":{"0":1},"branchMap":{},"b":{},"fnMap":{},"f":{}}
,"/Users/doros/dev/Dio/task-manager-app/src/views/Tasks/components/TaskItem/components/TaskFields.tsx": {"path":"/Users/doros/dev/Dio/task-manager-app/src/views/Tasks/components/TaskItem/components/TaskFields.tsx","all":false,"statementMap":{"0":{"start":{"line":1,"column":0},"end":{"line":1,"column":51}},"1":{"start":{"line":2,"column":0},"end":{"line":2,"column":54}},"2":{"start":{"line":3,"column":0},"end":{"line":3,"column":60}},"3":{"start":{"line":4,"column":0},"end":{"line":4,"column":66}},"4":{"start":{"line":5,"column":0},"end":{"line":5,"column":47}},"5":{"start":{"line":6,"column":0},"end":{"line":6,"column":85}},"6":{"start":{"line":7,"column":0},"end":{"line":7,"column":64}},"16":{"start":{"line":17,"column":0},"end":{"line":17,"column":120}},"17":{"start":{"line":18,"column":0},"end":{"line":18,"column":44}},"19":{"start":{"line":20,"column":0},"end":{"line":20,"column":86}},"21":{"start":{"line":22,"column":0},"end":{"line":22,"column":10}},"22":{"start":{"line":23,"column":0},"end":{"line":23,"column":6}},"23":{"start":{"line":24,"column":0},"end":{"line":24,"column":87}},"24":{"start":{"line":25,"column":0},"end":{"line":25,"column":19}},"25":{"start":{"line":26,"column":0},"end":{"line":26,"column":22}},"26":{"start":{"line":27,"column":0},"end":{"line":27,"column":25}},"27":{"start":{"line":28,"column":0},"end":{"line":28,"column":23}},"28":{"start":{"line":29,"column":0},"end":{"line":29,"column":15}},"29":{"start":{"line":30,"column":0},"end":{"line":30,"column":33}},"30":{"start":{"line":31,"column":0},"end":{"line":31,"column":31}},"31":{"start":{"line":32,"column":0},"end":{"line":32,"column":37}},"32":{"start":{"line":33,"column":0},"end":{"line":33,"column":12}},"34":{"start":{"line":35,"column":0},"end":{"line":35,"column":17}},"36":{"start":{"line":37,"column":0},"end":{"line":37,"column":13}},"37":{"start":{"line":38,"column":0},"end":{"line":38,"column":42}},"38":{"start":{"line":39,"column":0},"end":{"line":39,"column":38}},"39":{"start":{"line":40,"column":0},"end":{"line":40,"column":28}},"40":{"start":{"line":41,"column":0},"end":{"line":41,"column":37}},"43":{"start":{"line":44,"column":0},"end":{"line":44,"column":10}},"44":{"start":{"line":45,"column":0},"end":{"line":45,"column":13}},"45":{"start":{"line":46,"column":0},"end":{"line":46,"column":26}},"46":{"start":{"line":47,"column":0},"end":{"line":47,"column":10}},"48":{"start":{"line":49,"column":0},"end":{"line":49,"column":19}},"49":{"start":{"line":50,"column":0},"end":{"line":50,"column":25}},"50":{"start":{"line":51,"column":0},"end":{"line":51,"column":32}},"51":{"start":{"line":52,"column":0},"end":{"line":52,"column":19}},"52":{"start":{"line":53,"column":0},"end":{"line":53,"column":29}},"53":{"start":{"line":54,"column":0},"end":{"line":54,"column":15}},"54":{"start":{"line":55,"column":0},"end":{"line":55,"column":31}},"55":{"start":{"line":56,"column":0},"end":{"line":56,"column":37}},"56":{"start":{"line":57,"column":0},"end":{"line":57,"column":40}},"57":{"start":{"line":58,"column":0},"end":{"line":58,"column":31}},"58":{"start":{"line":59,"column":0},"end":{"line":59,"column":27}},"59":{"start":{"line":60,"column":0},"end":{"line":60,"column":12}},"61":{"start":{"line":62,"column":0},"end":{"line":62,"column":23}},"64":{"start":{"line":65,"column":0},"end":{"line":65,"column":10}},"65":{"start":{"line":66,"column":0},"end":{"line":66,"column":13}},"66":{"start":{"line":67,"column":0},"end":{"line":67,"column":26}},"67":{"start":{"line":68,"column":0},"end":{"line":68,"column":34}},"68":{"start":{"line":69,"column":0},"end":{"line":69,"column":21}},"69":{"start":{"line":70,"column":0},"end":{"line":70,"column":10}},"71":{"start":{"line":72,"column":0},"end":{"line":72,"column":58}},"72":{"start":{"line":73,"column":0},"end":{"line":73,"column":48}},"73":{"start":{"line":74,"column":0},"end":{"line":74,"column":61}},"74":{"start":{"line":75,"column":0},"end":{"line":75,"column":61}},"77":{"start":{"line":78,"column":0},"end":{"line":78,"column":58}},"78":{"start":{"line":79,"column":0},"end":{"line":79,"column":45}},"79":{"start":{"line":80,"column":0},"end":{"line":80,"column":21}},"80":{"start":{"line":81,"column":0},"end":{"line":81,"column":27}},"81":{"start":{"line":82,"column":0},"end":{"line":82,"column":34}},"82":{"start":{"line":83,"column":0},"end":{"line":83,"column":17}},"83":{"start":{"line":84,"column":0},"end":{"line":84,"column":34}},"84":{"start":{"line":85,"column":0},"end":{"line":85,"column":30}},"85":{"start":{"line":86,"column":0},"end":{"line":86,"column":35}},"86":{"start":{"line":87,"column":0},"end":{"line":87,"column":14}},"88":{"start":{"line":89,"column":0},"end":{"line":89,"column":66}},"94":{"start":{"line":95,"column":0},"end":{"line":95,"column":2}},"96":{"start":{"line":97,"column":0},"end":{"line":97,"column":26}}},"s":{"0":1,"1":1,"2":1,"3":1,"4":1,"5":1,"6":1,"16":1,"17":4,"19":4,"21":4,"22":4,"23":4,"24":4,"25":4,"26":4,"27":4,"28":4,"29":4,"30":4,"31":4,"32":4,"34":4,"36":4,"37":4,"38":4,"39":4,"40":4,"43":4,"44":4,"45":4,"46":4,"48":4,"49":4,"50":4,"51":4,"52":4,"53":4,"54":4,"55":4,"56":4,"57":4,"58":4,"59":4,"61":4,"64":4,"65":4,"66":4,"67":4,"68":4,"69":4,"71":4,"72":4,"73":4,"74":4,"77":4,"78":4,"79":4,"80":4,"81":4,"82":4,"83":4,"84":4,"85":4,"86":4,"88":4,"94":4,"96":1},"branchMap":{"0":{"type":"branch","line":17,"loc":{"start":{"line":17,"column":60},"end":{"line":95,"column":2}},"locations":[{"start":{"line":17,"column":60},"end":{"line":95,"column":2}}]},"1":{"type":"branch","line":20,"loc":{"start":{"line":20,"column":35},"end":{"line":20,"column":73}},"locations":[{"start":{"line":20,"column":35},"end":{"line":20,"column":73}}]}},"b":{"0":[4],"1":[4]},"fnMap":{"0":{"name":"TaskFields","decl":{"start":{"line":17,"column":60},"end":{"line":95,"column":2}},"loc":{"start":{"line":17,"column":60},"end":{"line":95,"column":2}},"line":17}},"f":{"0":4}}
,"/Users/doros/dev/Dio/task-manager-app/src/views/Tasks/components/TaskList/TaskList.tsx": {"path":"/Users/doros/dev/Dio/task-manager-app/src/views/Tasks/components/TaskList/TaskList.tsx","all":false,"statementMap":{"0":{"start":{"line":1,"column":0},"end":{"line":1,"column":48}},"1":{"start":{"line":2,"column":0},"end":{"line":2,"column":35}},"3":{"start":{"line":4,"column":0},"end":{"line":4,"column":54}},"4":{"start":{"line":5,"column":0},"end":{"line":5,"column":47}},"5":{"start":{"line":6,"column":0},"end":{"line":6,"column":68}},"11":{"start":{"line":12,"column":0},"end":{"line":12,"column":67}},"12":{"start":{"line":13,"column":0},"end":{"line":13,"column":44}},"14":{"start":{"line":15,"column":0},"end":{"line":15,"column":22}},"15":{"start":{"line":16,"column":0},"end":{"line":16,"column":12}},"16":{"start":{"line":17,"column":0},"end":{"line":17,"column":26}},"17":{"start":{"line":18,"column":0},"end":{"line":18,"column":84}},"20":{"start":{"line":21,"column":0},"end":{"line":21,"column":3}},"21":{"start":{"line":22,"column":0},"end":{"line":22,"column":10}},"22":{"start":{"line":23,"column":0},"end":{"line":23,"column":102}},"23":{"start":{"line":24,"column":0},"end":{"line":24,"column":26}},"24":{"start":{"line":25,"column":0},"end":{"line":25,"column":46}},"28":{"start":{"line":29,"column":0},"end":{"line":29,"column":2}},"30":{"start":{"line":31,"column":0},"end":{"line":31,"column":30}}},"s":{"0":1,"1":1,"3":1,"4":1,"5":1,"11":1,"12":4,"14":4,"15":2,"16":2,"17":2,"20":2,"21":2,"22":2,"23":2,"24":2,"28":2,"30":1},"branchMap":{"0":{"type":"branch","line":12,"loc":{"start":{"line":12,"column":51},"end":{"line":29,"column":2}},"locations":[{"start":{"line":12,"column":51},"end":{"line":29,"column":2}}]},"1":{"type":"branch","line":15,"loc":{"start":{"line":15,"column":21},"end":{"line":29,"column":2}},"locations":[{"start":{"line":15,"column":21},"end":{"line":29,"column":2}}]}},"b":{"0":[4],"1":[2]},"fnMap":{"0":{"name":"TaskList","decl":{"start":{"line":12,"column":51},"end":{"line":29,"column":2}},"loc":{"start":{"line":12,"column":51},"end":{"line":29,"column":2}},"line":12}},"f":{"0":4}}
,"/Users/doros/dev/Dio/task-manager-app/src/views/Tasks/components/TaskList/index.ts": {"path":"/Users/doros/dev/Dio/task-manager-app/src/views/Tasks/components/TaskList/index.ts","all":false,"statementMap":{"0":{"start":{"line":1,"column":0},"end":{"line":1,"column":37}}},"s":{"0":1},"branchMap":{},"b":{},"fnMap":{},"f":{}}
,"/Users/doros/dev/Dio/task-manager-app/src/views/Tasks/styles/gridListStyles.ts": {"path":"/Users/doros/dev/Dio/task-manager-app/src/views/Tasks/styles/gridListStyles.ts","all":false,"statementMap":{"0":{"start":{"line":1,"column":0},"end":{"line":1,"column":24}},"1":{"start":{"line":2,"column":0},"end":{"line":2,"column":19}},"2":{"start":{"line":3,"column":0},"end":{"line":3,"column":19}},"3":{"start":{"line":4,"column":0},"end":{"line":4,"column":15}},"4":{"start":{"line":5,"column":0},"end":{"line":5,"column":2}},"6":{"start":{"line":7,"column":0},"end":{"line":7,"column":30}}},"s":{"0":1,"1":1,"2":1,"3":1,"4":1,"6":1},"branchMap":{},"b":{},"fnMap":{},"f":{}}
,"/Users/doros/dev/Dio/task-manager-app/src/views/Tasks/styles/paginationStyles.ts": {"path":"/Users/doros/dev/Dio/task-manager-app/src/views/Tasks/styles/paginationStyles.ts","all":false,"statementMap":{"0":{"start":{"line":1,"column":0},"end":{"line":1,"column":26}},"1":{"start":{"line":2,"column":0},"end":{"line":2,"column":18}},"2":{"start":{"line":3,"column":0},"end":{"line":3,"column":27}},"3":{"start":{"line":4,"column":0},"end":{"line":4,"column":19}},"4":{"start":{"line":5,"column":0},"end":{"line":5,"column":16}},"5":{"start":{"line":6,"column":0},"end":{"line":6,"column":21}},"6":{"start":{"line":7,"column":0},"end":{"line":7,"column":21}},"7":{"start":{"line":8,"column":0},"end":{"line":8,"column":24}},"8":{"start":{"line":9,"column":0},"end":{"line":9,"column":2}},"10":{"start":{"line":11,"column":0},"end":{"line":11,"column":32}}},"s":{"0":1,"1":1,"2":1,"3":1,"4":1,"5":1,"6":1,"7":1,"8":1,"10":1},"branchMap":{},"b":{},"fnMap":{},"f":{}}
,"/Users/doros/dev/Dio/task-manager-app/src/views/Tasks/utils/mapStatusToColors.ts": {"path":"/Users/doros/dev/Dio/task-manager-app/src/views/Tasks/utils/mapStatusToColors.ts","all":false,"statementMap":{"0":{"start":{"line":1,"column":0},"end":{"line":1,"column":37}},"4":{"start":{"line":5,"column":0},"end":{"line":5,"column":56}},"5":{"start":{"line":6,"column":0},"end":{"line":6,"column":39}},"6":{"start":{"line":7,"column":0},"end":{"line":7,"column":37}},"7":{"start":{"line":8,"column":0},"end":{"line":8,"column":36}},"8":{"start":{"line":9,"column":0},"end":{"line":9,"column":2}}},"s":{"0":1,"4":1,"5":1,"6":1,"7":1,"8":1},"branchMap":{},"b":{},"fnMap":{},"f":{}}
,"/Users/doros/dev/Dio/task-manager-app/src/views/Tasks/utils/mapStatusToTranslations.ts": {"path":"/Users/doros/dev/Dio/task-manager-app/src/views/Tasks/utils/mapStatusToTranslations.ts","all":false,"statementMap":{"0":{"start":{"line":1,"column":0},"end":{"line":1,"column":37}},"5":{"start":{"line":6,"column":0},"end":{"line":6,"column":82}},"6":{"start":{"line":7,"column":0},"end":{"line":7,"column":75}},"7":{"start":{"line":8,"column":0},"end":{"line":8,"column":71}},"8":{"start":{"line":9,"column":0},"end":{"line":9,"column":69}},"9":{"start":{"line":10,"column":0},"end":{"line":10,"column":3}}},"s":{"0":1,"5":1,"6":4,"7":4,"8":4,"9":4},"branchMap":{"0":{"type":"branch","line":6,"loc":{"start":{"line":6,"column":35},"end":{"line":10,"column":3}},"locations":[{"start":{"line":6,"column":35},"end":{"line":10,"column":3}}]}},"b":{"0":[4]},"fnMap":{"0":{"name":"getTranslatedStatus","decl":{"start":{"line":6,"column":35},"end":{"line":10,"column":3}},"loc":{"start":{"line":6,"column":35},"end":{"line":10,"column":3}},"line":6}},"f":{"0":4}}
,"/Users/doros/dev/Dio/task-manager-app/src/views/Tasks/utils/types.ts": {"path":"/Users/doros/dev/Dio/task-manager-app/src/views/Tasks/utils/types.ts","all":false,"statementMap":{"0":{"start":{"line":1,"column":0},"end":{"line":1,"column":24}}},"s":{"0":1},"branchMap":{"0":{"type":"branch","line":1,"loc":{"start":{"line":1,"column":12},"end":{"line":1,"column":24}},"locations":[{"start":{"line":1,"column":12},"end":{"line":1,"column":24}}]}},"b":{"0":[3]},"fnMap":{},"f":{}}
}
